[2025-08-19T06:19:48.888Z] GET /
[2025-08-19T06:19:48.996Z] GET /favicon.ico
[2025-08-19T06:20:32.717Z] GET /.well-known/appspecific/com.chrome.devtools.json
[2025-08-19T06:26:17.867Z] POST /write-user
[2025-08-19T06:39:58.081Z] POST /users
[2025-08-19T06:40:24.331Z] POST /users
[2025-08-19T06:40:44.238Z] GET /
[2025-08-19T06:40:44.292Z] GET /favicon.ico
[2025-08-19T06:40:47.371Z] GET /users
[2025-08-19T06:40:47.429Z] GET /favicon.ico
[2025-08-19T06:41:13.700Z] POST /users
[2025-08-19T06:41:54.079Z] POST /write-user
[2025-08-19T06:42:23.853Z] GET /users
[2025-08-19T06:42:33.192Z] GET /users
[2025-08-19T06:42:55.290Z] GET /users?name=Ali
[2025-08-19T06:43:09.191Z] GET /users?name=Ali
[2025-08-19T06:43:30.329Z] GET /users?name=Ali
[2025-08-19T06:45:14.401Z] DELETE /user?name=Ali
[2025-08-19T06:46:02.192Z] POST /write-user
[2025-08-19T06:46:12.280Z] POST /write-user
[2025-08-19T06:46:24.487Z] GET /users
[2025-08-19T06:46:38.182Z] GET /users
[2025-08-19T06:46:45.756Z] GET /users
[2025-08-19T06:46:45.807Z] GET /favicon.ico
[2025-08-19T06:46:56.878Z] GET /user?name=Ali
[2025-08-19T06:47:00.798Z] GET /user?name=A
[2025-08-19T06:47:06.738Z] GET /user?name=Saim
[2025-08-19T06:47:14.740Z] DELETE /user?name=Saim
[2025-08-19T06:48:00.754Z] GET /greeting
[2025-08-19T06:48:00.812Z] GET /favicon.ico
[2025-08-19T06:51:15.950Z] POST /add-task
[2025-08-19T06:51:45.993Z] GET /tasks
