[2025-08-22T15:56:52.542Z] GET /
[2025-08-22T15:56:52.548Z] GET /
[2025-08-22T15:57:31.106Z] GET /users
[2025-08-22T15:57:31.107Z] GET /users
[2025-08-22T15:59:30.810Z] GET /user?name=Ali
[2025-08-22T15:59:30.811Z] GET /user?name=Ali
[2025-08-22T15:59:37.553Z] GET /user/?name=Ali
[2025-08-22T15:59:37.554Z] GET /user/?name=Ali
[2025-08-22T15:59:40.966Z] GET /user?name=Ali
[2025-08-22T15:59:40.964Z] GET /user?name=Ali
[2025-08-22T15:59:43.580Z] GET /user?name=Ali
[2025-08-22T15:59:43.583Z] GET /user?name=Ali
[2025-08-22T15:59:44.108Z] GET /user?name=Ali
[2025-08-22T15:59:44.109Z] GET /user?name=Ali
[2025-08-22T15:59:44.409Z] GET /user?name=Ali
[2025-08-22T15:59:44.451Z] GET /user?name=Ali
[2025-08-25T06:11:22.241Z] GET /
[2025-08-25T06:11:22.246Z] GET /
[2025-08-25T06:11:22.316Z] GET /favicon.ico
[2025-08-25T06:11:22.317Z] GET /favicon.ico
[2025-08-25T06:11:30.068Z] GET /count
[2025-08-25T06:11:30.069Z] GET /count
[2025-08-25T06:11:33.765Z] GET /count
[2025-08-25T06:11:33.766Z] GET /count
[2025-08-25T06:11:36.154Z] GET /count
[2025-08-25T06:11:36.155Z] GET /count
[2025-08-25T06:13:25.189Z] GET /file
[2025-08-25T06:13:25.191Z] GET /file
[2025-08-25T06:14:16.337Z] GET /write?msg=Hello%20Everyone
[2025-08-25T06:14:16.338Z] GET /write?msg=Hello%20Everyone
[2025-08-25T06:14:35.383Z] GET /
[2025-08-25T06:14:35.383Z] GET /
[2025-08-25T06:14:53.078Z] GET /greeting
[2025-08-25T06:14:53.079Z] GET /greeting
[2025-08-25T06:15:42.202Z] GET /greeting
[2025-08-25T06:15:42.209Z] GET /greeting
[2025-08-25T06:18:38.622Z] GET /
[2025-08-25T06:18:38.623Z] GET /
[2025-08-25T06:18:43.802Z] GET /greeting
[2025-08-25T06:18:43.804Z] GET /greeting
